Added Component: Designator=C2(DCP4_35.0WX50.0HX41.5L_4PIN_WIM)
Add component (AddParameter): Name = "Arrow Part Number"; Value = ""; VariantName = "[No Variations]"
Add component (AddParameter): Name = "Arrow Price/Stock"; Value = ""; VariantName = "[No Variations]"
Add component (AddParameter): Name = "Datasheet Link"; Value = "https://content.kemet.com/datasheets/KEM_F3125_C4AQ_M.pdf"; VariantName = "[No Variations]"
Add component (AddParameter): Name = "Height"; Value = "25.2mm"; VariantName = "[No Variations]"
Add component (AddParameter): Name = "Manufacturer_Name"; Value = "KEMET"; VariantName = "[No Variations]"
Add component (AddParameter): Name = "Manufacturer_Part_Number"; Value = "C4AQJLW5300M38J"; VariantName = "[No Variations]"
Add component (AddParameter): Name = "Mouser Part Number"; Value = "80-C4AQJLW5300M38J"; VariantName = "[No Variations]"
Add component (AddParameter): Name = "Mouser Price/Stock"; Value = "https://www.mouser.co.uk/ProductDetail/KEMET/C4AQJLW5300M38J?qs=81r%252BiQLm7BQPDIKgnvCGAA%3D%3D"; VariantName = "[No Variations]"
Added Component: Designator=C3(DCP4_35.0WX50.0HX41.5L_4PIN_WIM)
Add component (AddParameter): Name = "Arrow Part Number"; Value = ""; VariantName = "[No Variations]"
Add component (AddParameter): Name = "Arrow Price/Stock"; Value = ""; VariantName = "[No Variations]"
Add component (AddParameter): Name = "Datasheet Link"; Value = "https://content.kemet.com/datasheets/KEM_F3125_C4AQ_M.pdf"; VariantName = "[No Variations]"
Add component (AddParameter): Name = "Height"; Value = "25.2mm"; VariantName = "[No Variations]"
Add component (AddParameter): Name = "Manufacturer_Name"; Value = "KEMET"; VariantName = "[No Variations]"
Add component (AddParameter): Name = "Manufacturer_Part_Number"; Value = "C4AQJLW5300M38J"; VariantName = "[No Variations]"
Add component (AddParameter): Name = "Mouser Part Number"; Value = "80-C4AQJLW5300M38J"; VariantName = "[No Variations]"
Add component (AddParameter): Name = "Mouser Price/Stock"; Value = "https://www.mouser.co.uk/ProductDetail/KEMET/C4AQJLW5300M38J?qs=81r%252BiQLm7BQPDIKgnvCGAA%3D%3D"; VariantName = "[No Variations]"
Added Pin To Net: NetName=HV- Pin=C2-1
Added Pin To Net: NetName=HV- Pin=C2-2
Added Pin To Net: NetName=HV+ Pin=C2-3
Added Pin To Net: NetName=HV+ Pin=C2-4
Added Pin To Net: NetName=HV- Pin=C3-1
Added Pin To Net: NetName=HV- Pin=C3-2
Added Pin To Net: NetName=HV+ Pin=C3-3
Added Pin To Net: NetName=HV+ Pin=C3-4
